<?xml version="1.0" encoding="UTF-8"?>
<testng-results skipped="0" failed="0" ignored="0" total="1" passed="1">
  <reporter-output>
  </reporter-output>
  <suite name="Default suite" duration-ms="7184" started-at="2019-04-27T04:58:32Z" finished-at="2019-04-27T04:58:40Z">
    <groups>
    </groups>
    <test name="Default test" duration-ms="7184" started-at="2019-04-27T04:58:32Z" finished-at="2019-04-27T04:58:40Z">
      <class name="Sprintimplementation.SmokeTest">
        <test-method status="PASS" signature="smoketest1_1()[pri:0, instance:Sprintimplementation.SmokeTest@72d818d1]" name="smoketest1_1" duration-ms="7160" started-at="2019-04-27T04:58:32Z" finished-at="2019-04-27T04:58:40Z">
          <reporter-output>
          </reporter-output>
        </test-method> <!-- smoketest1_1 -->
      </class> <!-- Sprintimplementation.SmokeTest -->
    </test> <!-- Default test -->
  </suite> <!-- Default suite -->
</testng-results>
